E:\MULTIINTERFACE\MULTIINTERFACE\X64\RELEASE\QCUSTOMPLOT.OBJ
E:\MULTIINTERFACE\MULTIINTERFACE\X64\RELEASE\MULTIINTERFACE.OBJ
E:\MULTIINTERFACE\MULTIINTERFACE\X64\RELEASE\MAIN.OBJ
E:\MULTIINTERFACE\MULTIINTERFACE\X64\RELEASE\IOCARD.OBJ
E:\MULTIINTERFACE\MULTIINTERFACE\X64\RELEASE\MOC_WIDGET_COUNT.OBJ
E:\MULTIINTERFACE\MULTIINTERFACE\X64\RELEASE\MOC_WIDGETWARNING.OBJ
E:\MULTIINTERFACE\MULTIINTERFACE\X64\RELEASE\MOC_WIDGETUSER.OBJ
E:\MULTIINTERFACE\MULTIINTERFACE\X64\RELEASE\MOC_WIDGETSEVER.OBJ
E:\MULTIINTERFACE\MULTIINTERFACE\X64\RELEASE\MOC_WIDGETMODE.OBJ
E:\MULTIINTERFACE\MULTIINTERFACE\X64\RELEASE\MOC_WIDGETALERT.OBJ
E:\MULTIINTERFACE\MULTIINTERFACE\X64\RELEASE\MOC_QCUSTOMPLOT.OBJ
E:\MULTIINTERFACE\MULTIINTERFACE\X64\RELEASE\MOC_PIEVIEW.OBJ
E:\MULTIINTERFACE\MULTIINTERFACE\X64\RELEASE\MOC_MULTIINTERFACE.OBJ
E:\MULTIINTERFACE\MULTIINTERFACE\X64\RELEASE\MOC_IOCARD.OBJ
E:\MULTIINTERFACE\MULTIINTERFACE\X64\RELEASE\MOC_DHBASEWIDGET.OBJ
E:\MULTIINTERFACE\MULTIINTERFACE\X64\RELEASE\MOC_CLOGFILE.OBJ
E:\MULTIINTERFACE\MULTIINTERFACE\X64\RELEASE\DHBASEWIDGET.OBJ
E:\MULTIINTERFACE\MULTIINTERFACE\X64\RELEASE\DATABASE.OBJ
E:\MULTIINTERFACE\MULTIINTERFACE\X64\RELEASE\CLOGFILE.OBJ
E:\MULTIINTERFACE\MULTIINTERFACE\X64\RELEASE\WIDGET_COUNT.OBJ
E:\MULTIINTERFACE\MULTIINTERFACE\X64\RELEASE\WIDGETWARNING.OBJ
E:\MULTIINTERFACE\MULTIINTERFACE\X64\RELEASE\WIDGETUSER.OBJ
E:\MULTIINTERFACE\MULTIINTERFACE\X64\RELEASE\WIDGETSEVER.OBJ
E:\MULTIINTERFACE\MULTIINTERFACE\X64\RELEASE\WIDGETMODE.OBJ
E:\MULTIINTERFACE\MULTIINTERFACE\X64\RELEASE\WIDGETALERT.OBJ
E:\MULTIINTERFACE\MULTIINTERFACE\GENERATEDFILES\RELEASE\MOC_MULTIINTERFACE.CPP
E:\MULTIINTERFACE\MULTIINTERFACE\GENERATEDFILES\UI_MULTIINTERFACE.H
E:\MULTIINTERFACE\MULTIINTERFACE\GENERATEDFILES\RELEASE\MOC_WIDGETWARNING.CPP
E:\MULTIINTERFACE\MULTIINTERFACE\GENERATEDFILES\RELEASE\MOC_WIDGETUSER.CPP
E:\MULTIINTERFACE\MULTIINTERFACE\GENERATEDFILES\RELEASE\MOC_WIDGETSEVER.CPP
E:\MULTIINTERFACE\MULTIINTERFACE\GENERATEDFILES\RELEASE\MOC_WIDGETMODE.CPP
E:\MULTIINTERFACE\MULTIINTERFACE\GENERATEDFILES\RELEASE\MOC_WIDGETALERT.CPP
E:\MULTIINTERFACE\MULTIINTERFACE\GENERATEDFILES\RELEASE\MOC_WIDGET_COUNT.CPP
E:\MULTIINTERFACE\MULTIINTERFACE\GENERATEDFILES\RELEASE\MOC_DHBASEWIDGET.CPP
E:\MULTIINTERFACE\MULTIINTERFACE\GENERATEDFILES\RELEASE\MOC_IOCARD.CPP
E:\MULTIINTERFACE\MULTIINTERFACE\GENERATEDFILES\RELEASE\MOC_PIEVIEW.CPP
E:\MULTIINTERFACE\MULTIINTERFACE\GENERATEDFILES\RELEASE\MOC_QCUSTOMPLOT.CPP
E:\MULTIINTERFACE\MULTIINTERFACE\GENERATEDFILES\RELEASE\MOC_CLOGFILE.CPP
E:\MULTIINTERFACE\MULTIINTERFACE\GENERATEDFILES\RELEASE\MOC_WIDGET_SEVER.CPP
E:\MULTIINTERFACE\MULTIINTERFACE\GENERATEDFILES\QRC_MULTIINTERFACE.CPP
E:\MULTIINTERFACE\MULTIINTERFACE\GENERATEDFILES\UI_SEVER.H
E:\MULTIINTERFACE\MULTIINTERFACE\GENERATEDFILES\UI_IOCARD.H
E:\MULTIINTERFACE\MULTIINTERFACE\GENERATEDFILES\UI_ALERTWIDGET.H
E:\MULTIINTERFACE\MULTIINTERFACE\GENERATEDFILES\UI_PRODECTMODE.H
E:\MULTIINTERFACE\MULTIINTERFACE\GENERATEDFILES\UI_USERWIDGET.H
E:\MULTIINTERFACE\MULTIINTERFACE\GENERATEDFILES\UI_WIDGET_COUNT.H
E:\MultiInterface\MultiInterface\x64\Release\clogfile.obj
E:\MultiInterface\MultiInterface\x64\Release\database.obj
E:\MultiInterface\MultiInterface\x64\Release\dhbasewidget.obj
E:\MultiInterface\MultiInterface\x64\Release\IOCard.obj
E:\MultiInterface\MultiInterface\x64\Release\main.obj
E:\MultiInterface\MultiInterface\x64\Release\moc_clogfile.obj
E:\MultiInterface\MultiInterface\x64\Release\moc_dhbasewidget.obj
E:\MultiInterface\MultiInterface\x64\Release\moc_IOCard.obj
E:\MultiInterface\MultiInterface\x64\Release\moc_multiinterface.obj
E:\MultiInterface\MultiInterface\x64\Release\moc_pieview.obj
E:\MultiInterface\MultiInterface\x64\Release\moc_qcustomplot.obj
E:\MultiInterface\MultiInterface\x64\Release\moc_widgetAlert.obj
E:\MultiInterface\MultiInterface\x64\Release\moc_widgetMode.obj
E:\MultiInterface\MultiInterface\x64\Release\moc_widgetSever.obj
E:\MultiInterface\MultiInterface\x64\Release\moc_widgetUser.obj
E:\MultiInterface\MultiInterface\x64\Release\moc_widgetwarning.obj
E:\MultiInterface\MultiInterface\x64\Release\moc_widget_count.obj
E:\MultiInterface\MultiInterface\x64\Release\multiinterface.obj
E:\MultiInterface\MultiInterface\x64\Release\qcustomplot.obj
E:\MultiInterface\MultiInterface\x64\Release\widgetAlert.obj
E:\MultiInterface\MultiInterface\x64\Release\widgetMode.obj
E:\MultiInterface\MultiInterface\x64\Release\widgetSever.obj
E:\MultiInterface\MultiInterface\x64\Release\widgetUser.obj
E:\MultiInterface\MultiInterface\x64\Release\widgetwarning.obj
E:\MultiInterface\MultiInterface\x64\Release\widget_count.obj
E:\MultiInterface\MultiInterface\x64\Release\cl.command.1.tlog
E:\MultiInterface\MultiInterface\x64\Release\CL.read.1.tlog
E:\MultiInterface\MultiInterface\x64\Release\CL.write.1.tlog
E:\MultiInterface\MultiInterface\x64\Release\custombuild.command.1.tlog
E:\MultiInterface\MultiInterface\x64\Release\custombuild.read.1.tlog
E:\MultiInterface\MultiInterface\x64\Release\custombuild.write.1.tlog
E:\MultiInterface\MultiInterface\x64\Release\MultiInterface.write.1.tlog
E:\MultiInterface\MultiInterface\x64\Release\vc100.pdb
